<?xml version="1.0" encoding="UTF-8"?>
<testng-results skipped="0" failed="0" ignored="0" total="1" passed="1">
  <reporter-output>
  </reporter-output>
  <suite name="Default suite" duration-ms="10078" started-at="2018-12-10T14:26:56Z" finished-at="2018-12-10T14:27:07Z">
    <groups>
    </groups>
    <test name="Default test" duration-ms="10078" started-at="2018-12-10T14:26:56Z" finished-at="2018-12-10T14:27:07Z">
      <class name="com.NewTours.NewTours_Login_Test">
        <test-method status="PASS" signature="SetUp()[pri:0, instance:com.NewTours.NewTours_Login_Test@3e57cd70]" name="SetUp" is-config="true" duration-ms="5017" started-at="2018-12-10T14:26:56Z" finished-at="2018-12-10T14:27:01Z">
          <reporter-output>
          </reporter-output>
        </test-method> <!-- SetUp -->
        <test-method status="PASS" signature="LogIn()[pri:0, instance:com.NewTours.NewTours_Login_Test@3e57cd70]" name="LogIn" duration-ms="4146" started-at="2018-12-10T14:27:02Z" finished-at="2018-12-10T14:27:06Z">
          <reporter-output>
          </reporter-output>
        </test-method> <!-- LogIn -->
        <test-method status="PASS" signature="teardown()[pri:0, instance:com.NewTours.NewTours_Login_Test@3e57cd70]" name="teardown" is-config="true" duration-ms="882" started-at="2018-12-10T14:27:06Z" finished-at="2018-12-10T14:27:07Z">
          <reporter-output>
          </reporter-output>
        </test-method> <!-- teardown -->
      </class> <!-- com.NewTours.NewTours_Login_Test -->
    </test> <!-- Default test -->
  </suite> <!-- Default suite -->
</testng-results>
